-- The C compiler identification is GNU 11.4.0
-- The CXX compiler identification is GNU 11.4.0
-- Detecting C compiler ABI info
-- Detecting C compiler ABI info - done
-- Check for working C compiler: /usr/bin/cc - skipped
-- Detecting C compile features
-- Detecting C compile features - done
-- Detecting CXX compiler ABI info
-- Detecting CXX compiler ABI info - done
-- Check for working CXX compiler: /usr/bin/c++ - skipped
-- Detecting CXX compile features
-- Detecting CXX compile features - done
-- Found ament_cmake: 1.3.11 (/opt/ros/humble/share/ament_cmake/cmake)
-- Found Python3: /usr/bin/python3 (found version "3.10.12") found components: Interpreter 
-- Found rclpy: 3.3.15 (/opt/ros/humble/share/rclpy/cmake)
-- Found std_msgs: 4.2.4 (/opt/ros/humble/share/std_msgs/cmake)
-- Found rosidl_generator_c: 3.1.6 (/opt/ros/humble/share/rosidl_generator_c/cmake)
-- Found rosidl_adapter: 3.1.6 (/opt/ros/humble/share/rosidl_adapter/cmake)
-- Found rosidl_generator_cpp: 3.1.6 (/opt/ros/humble/share/rosidl_generator_cpp/cmake)
-- Using all available rosidl_typesupport_c: rosidl_typesupport_fastrtps_c;rosidl_typesupport_introspection_c
-- Using all available rosidl_typesupport_cpp: rosidl_typesupport_fastrtps_cpp;rosidl_typesupport_introspection_cpp
-- Found geometry_msgs: 4.2.4 (/opt/ros/humble/share/geometry_msgs/cmake)
-- Found nav_msgs: 4.2.4 (/opt/ros/humble/share/nav_msgs/cmake)
-- Found sensor_msgs: 4.2.4 (/opt/ros/humble/share/sensor_msgs/cmake)
-- Found rclcpp: 16.0.11 (/opt/ros/humble/share/rclcpp/cmake)
-- Found rmw_implementation_cmake: 6.1.2 (/opt/ros/humble/share/rmw_implementation_cmake/cmake)
-- Found rmw_fastrtps_cpp: 6.2.7 (/opt/ros/humble/share/rmw_fastrtps_cpp/cmake)
-- Found OpenSSL: /usr/lib/x86_64-linux-gnu/libcrypto.so (found version "3.0.2")  
-- Found FastRTPS: /opt/ros/humble/include  
-- Using RMW implementation 'rmw_fastrtps_cpp' as default
-- Looking for pthread.h
-- Looking for pthread.h - found
-- Performing Test CMAKE_HAVE_LIBC_PTHREAD
-- Performing Test CMAKE_HAVE_LIBC_PTHREAD - Success
-- Found Threads: TRUE  
-- Found rviz2: 11.2.16 (/opt/ros/humble/share/rviz2/cmake)
-- Configuring done
-- Generating done
-- Build files have been written to: /home/kang/rl_navigation/build/rl_navigation
-- Install configuration: ""
-- Installing: /home/kang/rl_navigation/install/rl_navigation/share/rl_navigation/scripts
-- Installing: /home/kang/rl_navigation/install/rl_navigation/share/rl_navigation/scripts/train.py
-- Installing: /home/kang/rl_navigation/install/rl_navigation/share/rl_navigation/scripts/replay_memory.py
-- Installing: /home/kang/rl_navigation/install/rl_navigation/share/rl_navigation/scripts/utils.py
-- Installing: /home/kang/rl_navigation/install/rl_navigation/share/rl_navigation/scripts/reward.py
-- Installing: /home/kang/rl_navigation/install/rl_navigation/share/rl_navigation/scripts/TD_CBAM.py
-- Installing: /home/kang/rl_navigation/install/rl_navigation/share/rl_navigation/scripts/lidar_preprocessing.py
-- Installing: /home/kang/rl_navigation/install/rl_navigation/share/rl_navigation/scripts/path_visualize.py
-- Installing: /home/kang/rl_navigation/install/rl_navigation/share/rl_navigation/scripts/TD_modify.py
-- Installing: /home/kang/rl_navigation/install/rl_navigation/share/rl_navigation/scripts/TD_CBAM2.py
-- Installing: /home/kang/rl_navigation/install/rl_navigation/share/rl_navigation/scripts/model.py
-- Installing: /home/kang/rl_navigation/install/rl_navigation/share/rl_navigation/usd
-- Installing: /home/kang/rl_navigation/install/rl_navigation/share/rl_navigation/usd/train_model.usd
-- Installing: /home/kang/rl_navigation/install/rl_navigation/share/ament_index/resource_index/package_run_dependencies/rl_navigation
-- Installing: /home/kang/rl_navigation/install/rl_navigation/share/ament_index/resource_index/parent_prefix_path/rl_navigation
-- Installing: /home/kang/rl_navigation/install/rl_navigation/share/rl_navigation/environment/ament_prefix_path.sh
-- Installing: /home/kang/rl_navigation/install/rl_navigation/share/rl_navigation/environment/ament_prefix_path.dsv
-- Installing: /home/kang/rl_navigation/install/rl_navigation/share/rl_navigation/environment/path.sh
-- Installing: /home/kang/rl_navigation/install/rl_navigation/share/rl_navigation/environment/path.dsv
-- Installing: /home/kang/rl_navigation/install/rl_navigation/share/rl_navigation/local_setup.bash
-- Installing: /home/kang/rl_navigation/install/rl_navigation/share/rl_navigation/local_setup.sh
-- Installing: /home/kang/rl_navigation/install/rl_navigation/share/rl_navigation/local_setup.zsh
-- Installing: /home/kang/rl_navigation/install/rl_navigation/share/rl_navigation/local_setup.dsv
-- Installing: /home/kang/rl_navigation/install/rl_navigation/share/rl_navigation/package.dsv
-- Installing: /home/kang/rl_navigation/install/rl_navigation/share/ament_index/resource_index/packages/rl_navigation
-- Installing: /home/kang/rl_navigation/install/rl_navigation/share/rl_navigation/cmake/rl_navigationConfig.cmake
-- Installing: /home/kang/rl_navigation/install/rl_navigation/share/rl_navigation/cmake/rl_navigationConfig-version.cmake
-- Installing: /home/kang/rl_navigation/install/rl_navigation/share/rl_navigation/package.xml
