[0.007s] Invoking command in '/home/kang/rl_navigation/build/rl_navigation': CMAKE_PREFIX_PATH=${CMAKE_PREFIX_PATH}:/opt/ros/humble /usr/bin/cmake /home/kang/rl_navigation/src -DCMAKE_BUILD_TYPE=Release -DAMENT_CMAKE_SYMLINK_INSTALL=1 -DCMAKE_INSTALL_PREFIX=/home/kang/rl_navigation/install/rl_navigation
[0.016s] -- Found ament_cmake: 1.3.11 (/opt/ros/humble/share/ament_cmake/cmake)
[0.104s] -- Override CMake install command with custom implementation using symlinks instead of copying resources
[0.111s] -- Found rclpy: 3.3.15 (/opt/ros/humble/share/rclpy/cmake)
[0.112s] -- Found std_msgs: 4.2.4 (/opt/ros/humble/share/std_msgs/cmake)
[0.133s] -- Found rosidl_generator_c: 3.1.6 (/opt/ros/humble/share/rosidl_generator_c/cmake)
[0.135s] -- Found rosidl_adapter: 3.1.6 (/opt/ros/humble/share/rosidl_adapter/cmake)
[0.139s] -- Found rosidl_generator_cpp: 3.1.6 (/opt/ros/humble/share/rosidl_generator_cpp/cmake)
[0.145s] -- Using all available rosidl_typesupport_c: rosidl_typesupport_fastrtps_c;rosidl_typesupport_introspection_c
[0.152s] -- Using all available rosidl_typesupport_cpp: rosidl_typesupport_fastrtps_cpp;rosidl_typesupport_introspection_cpp
[0.167s] -- Found geometry_msgs: 4.2.4 (/opt/ros/humble/share/geometry_msgs/cmake)
[0.174s] -- Found nav_msgs: 4.2.4 (/opt/ros/humble/share/nav_msgs/cmake)
[0.185s] -- Found sensor_msgs: 4.2.4 (/opt/ros/humble/share/sensor_msgs/cmake)
[0.195s] -- Found rclcpp: 16.0.11 (/opt/ros/humble/share/rclcpp/cmake)
[0.212s] -- Found rmw_implementation_cmake: 6.1.2 (/opt/ros/humble/share/rmw_implementation_cmake/cmake)
[0.212s] -- Found rmw_fastrtps_cpp: 6.2.7 (/opt/ros/humble/share/rmw_fastrtps_cpp/cmake)
[0.289s] -- Using RMW implementation 'rmw_fastrtps_cpp' as default
[0.313s] -- Found rviz2: 11.2.16 (/opt/ros/humble/share/rviz2/cmake)
[0.359s] -- Configuring done
[0.363s] -- Generating done
[0.364s] -- Build files have been written to: /home/kang/rl_navigation/build/rl_navigation
[0.370s] Invoked command in '/home/kang/rl_navigation/build/rl_navigation' returned '0': CMAKE_PREFIX_PATH=${CMAKE_PREFIX_PATH}:/opt/ros/humble /usr/bin/cmake /home/kang/rl_navigation/src -DCMAKE_BUILD_TYPE=Release -DAMENT_CMAKE_SYMLINK_INSTALL=1 -DCMAKE_INSTALL_PREFIX=/home/kang/rl_navigation/install/rl_navigation
[0.372s] Invoking command in '/home/kang/rl_navigation/build/rl_navigation': CMAKE_PREFIX_PATH=${CMAKE_PREFIX_PATH}:/opt/ros/humble /usr/bin/cmake --build /home/kang/rl_navigation/build/rl_navigation -- -j12 -l12
[0.402s] Invoked command in '/home/kang/rl_navigation/build/rl_navigation' returned '0': CMAKE_PREFIX_PATH=${CMAKE_PREFIX_PATH}:/opt/ros/humble /usr/bin/cmake --build /home/kang/rl_navigation/build/rl_navigation -- -j12 -l12
[0.409s] Invoking command in '/home/kang/rl_navigation/build/rl_navigation': CMAKE_PREFIX_PATH=${CMAKE_PREFIX_PATH}:/opt/ros/humble /usr/bin/cmake --install /home/kang/rl_navigation/build/rl_navigation
[0.414s] -- Install configuration: "Release"
[0.414s] -- Execute custom install script
[0.415s] -- Symlinking: /home/kang/rl_navigation/install/rl_navigation/share/rl_navigation/scripts/TD_CBAM.py
[0.421s] -- Symlinking: /home/kang/rl_navigation/install/rl_navigation/share/rl_navigation/scripts/TD_CBAM2.py
[0.427s] -- Symlinking: /home/kang/rl_navigation/install/rl_navigation/share/rl_navigation/scripts/TD_modify.py
[0.432s] -- Symlinking: /home/kang/rl_navigation/install/rl_navigation/share/rl_navigation/scripts/lidar_preprocessing.py
[0.438s] -- Symlinking: /home/kang/rl_navigation/install/rl_navigation/share/rl_navigation/scripts/model.py
[0.444s] -- Symlinking: /home/kang/rl_navigation/install/rl_navigation/share/rl_navigation/scripts/path_visualize.py
[0.450s] -- Symlinking: /home/kang/rl_navigation/install/rl_navigation/share/rl_navigation/scripts/replay_memory.py
[0.456s] -- Symlinking: /home/kang/rl_navigation/install/rl_navigation/share/rl_navigation/scripts/reward.py
[0.461s] -- Symlinking: /home/kang/rl_navigation/install/rl_navigation/share/rl_navigation/scripts/train.py
[0.467s] -- Symlinking: /home/kang/rl_navigation/install/rl_navigation/share/rl_navigation/scripts/utils.py
[0.473s] -- Symlinking: /home/kang/rl_navigation/install/rl_navigation/share/rl_navigation/usd/train_model.usd
[0.483s] -- Symlinking: /home/kang/rl_navigation/install/rl_navigation/share/ament_index/resource_index/package_run_dependencies/rl_navigation
[0.489s] -- Symlinking: /home/kang/rl_navigation/install/rl_navigation/share/ament_index/resource_index/parent_prefix_path/rl_navigation
[0.495s] -- Symlinking: /home/kang/rl_navigation/install/rl_navigation/share/rl_navigation/environment/ament_prefix_path.sh
[0.501s] -- Symlinking: /home/kang/rl_navigation/install/rl_navigation/share/rl_navigation/environment/ament_prefix_path.dsv
[0.507s] -- Symlinking: /home/kang/rl_navigation/install/rl_navigation/share/rl_navigation/environment/path.sh
[0.513s] -- Symlinking: /home/kang/rl_navigation/install/rl_navigation/share/rl_navigation/environment/path.dsv
[0.519s] -- Symlinking: /home/kang/rl_navigation/install/rl_navigation/share/rl_navigation/local_setup.bash
[0.525s] -- Symlinking: /home/kang/rl_navigation/install/rl_navigation/share/rl_navigation/local_setup.sh
[0.531s] -- Symlinking: /home/kang/rl_navigation/install/rl_navigation/share/rl_navigation/local_setup.zsh
[0.537s] -- Symlinking: /home/kang/rl_navigation/install/rl_navigation/share/rl_navigation/local_setup.dsv
[0.543s] -- Symlinking: /home/kang/rl_navigation/install/rl_navigation/share/rl_navigation/package.dsv
[0.549s] -- Symlinking: /home/kang/rl_navigation/install/rl_navigation/share/ament_index/resource_index/packages/rl_navigation
[0.555s] -- Symlinking: /home/kang/rl_navigation/install/rl_navigation/share/rl_navigation/cmake/rl_navigationConfig.cmake
[0.561s] -- Symlinking: /home/kang/rl_navigation/install/rl_navigation/share/rl_navigation/cmake/rl_navigationConfig-version.cmake
[0.566s] -- Symlinking: /home/kang/rl_navigation/install/rl_navigation/share/rl_navigation/package.xml
[0.574s] Invoked command in '/home/kang/rl_navigation/build/rl_navigation' returned '0': CMAKE_PREFIX_PATH=${CMAKE_PREFIX_PATH}:/opt/ros/humble /usr/bin/cmake --install /home/kang/rl_navigation/build/rl_navigation
